[0m22:29:16.261225 [debug] [MainThread]: Sending event: {'category': 'dbt', 'action': 'invocation', 'label': 'start', 'context': [<snowplow_tracker.self_describing_json.SelfDescribingJson object at 0x00000150763A0EE0>, <snowplow_tracker.self_describing_json.SelfDescribingJson object at 0x00000150753418B0>, <snowplow_tracker.self_describing_json.SelfDescribingJson object at 0x0000015075331880>]}


============================== 22:29:16.268226 | 5db6f402-795a-492d-b8a9-ef969f1db4da ==============================
[0m22:29:16.268226 [info ] [MainThread]: Running with dbt=1.7.14
[0m22:29:16.270225 [debug] [MainThread]: running dbt with arguments {'printer_width': '80', 'indirect_selection': 'eager', 'log_cache_events': 'False', 'write_json': 'True', 'partial_parse': 'True', 'cache_selected_only': 'False', 'warn_error': 'None', 'version_check': 'True', 'debug': 'False', 'log_path': 'logs', 'profiles_dir': 'C:\\Users\\marti\\.dbt', 'fail_fast': 'False', 'use_colors': 'True', 'use_experimental_parser': 'False', 'no_print': 'None', 'quiet': 'False', 'warn_error_options': 'WarnErrorOptions(include=[], exclude=[])', 'invocation_command': 'dbt init', 'introspect': 'True', 'log_format': 'default', 'target_path': 'None', 'static_parser': 'True', 'send_anonymous_usage_stats': 'True'}
[0m22:29:40.498244 [debug] [MainThread]: Starter project path: C:\Users\marti\anaconda3\envs\dbt-env\lib\site-packages\dbt\include\starter_project
[0m22:29:40.577300 [info ] [MainThread]: 
Your new dbt project "custom_postgres" was created!

For more information on how to configure the profiles.yml file,
please consult the dbt documentation here:

  https://docs.getdbt.com/docs/configure-your-profile

One more thing:

Need help? Don't hesitate to reach out to us via GitHub issues or on Slack:

  https://community.getdbt.com/

Happy modeling!

[0m22:29:40.587564 [info ] [MainThread]: Setting up your profile.
[0m22:31:11.803647 [info ] [MainThread]: Profile custom_postgres written to C:\Users\marti\.dbt\profiles.yml using target's profile_template.yml and your supplied values. Run 'dbt debug' to validate the connection.
[0m22:31:11.809272 [debug] [MainThread]: Command `dbt init` succeeded at 22:31:11.808297 after 115.66 seconds
[0m22:31:11.810283 [debug] [MainThread]: Sending event: {'category': 'dbt', 'action': 'invocation', 'label': 'end', 'context': [<snowplow_tracker.self_describing_json.SelfDescribingJson object at 0x00000150763A0EE0>, <snowplow_tracker.self_describing_json.SelfDescribingJson object at 0x0000015076C513D0>, <snowplow_tracker.self_describing_json.SelfDescribingJson object at 0x0000015075331850>]}
[0m22:31:11.811800 [debug] [MainThread]: Flushing usage events
[0m23:12:12.426249 [debug] [MainThread]: Sending event: {'category': 'dbt', 'action': 'invocation', 'label': 'start', 'context': [<snowplow_tracker.self_describing_json.SelfDescribingJson object at 0x00000256DF661E20>, <snowplow_tracker.self_describing_json.SelfDescribingJson object at 0x00000256DE5F6880>, <snowplow_tracker.self_describing_json.SelfDescribingJson object at 0x00000256DE5F6610>]}


============================== 23:12:12.440870 | 710930d3-9442-49e1-b748-5d9e228793ed ==============================
[0m23:12:12.440870 [info ] [MainThread]: Running with dbt=1.7.14
[0m23:12:12.440870 [debug] [MainThread]: running dbt with arguments {'printer_width': '80', 'indirect_selection': 'eager', 'write_json': 'True', 'log_cache_events': 'False', 'partial_parse': 'True', 'cache_selected_only': 'False', 'profiles_dir': 'C:\\Users\\marti\\.dbt', 'version_check': 'True', 'fail_fast': 'False', 'log_path': 'logs', 'debug': 'False', 'warn_error': 'None', 'use_colors': 'True', 'use_experimental_parser': 'False', 'no_print': 'None', 'quiet': 'False', 'warn_error_options': 'WarnErrorOptions(include=[], exclude=[])', 'static_parser': 'True', 'invocation_command': 'dbt test', 'log_format': 'default', 'target_path': 'None', 'introspect': 'True', 'send_anonymous_usage_stats': 'True'}
[0m23:12:12.440870 [error] [MainThread]: Encountered an error:
Runtime Error
  No dbt_project.yml found at expected path C:\Users\marti\OneDrive - Université de Technologie de Troyes\Bureau\0-Informatique\AutoFormation\Data Engineer\YtCourse\yt-tuto-elt\dbt_project.yml
  Verify that each entry within packages.yml (and their transitive dependencies) contains a file named dbt_project.yml
  
[0m23:12:12.440870 [debug] [MainThread]: Command `dbt test` failed at 23:12:12.440870 after 0.09 seconds
[0m23:12:12.440870 [debug] [MainThread]: Sending event: {'category': 'dbt', 'action': 'invocation', 'label': 'end', 'context': [<snowplow_tracker.self_describing_json.SelfDescribingJson object at 0x00000256DF661E20>, <snowplow_tracker.self_describing_json.SelfDescribingJson object at 0x00000256DFEEE430>, <snowplow_tracker.self_describing_json.SelfDescribingJson object at 0x00000256DE5D8DF0>]}
[0m23:12:12.440870 [debug] [MainThread]: Flushing usage events
